<?xml version="1.0" encoding="UTF-8"?>
<!-- Generated by org.testng.reporters.JUnitReportReporter -->
<testsuite hostname="Pankaj" failures="0" tests="5" name="testpackBewkoof.ToVerifyHomePage" time="45.967" errors="0" timestamp="2023-04-10T21:05:41 IST" skipped="0">
  <testcase classname="testpackBewkoof.ToVerifyHomePage" name="verifyLoginButtononHomePage" time="5.181"/>
  <system-out/>
  <testcase classname="testpackBewkoof.ToVerifyHomePage" name="enterLoginDetail" time="18.508"/>
  <system-out/>
  <testcase classname="testpackBewkoof.ToVerifyHomePage" name="verifyMenSectionafterClickingMenTab" time="8.161"/>
  <system-out/>
  <testcase classname="testpackBewkoof.ToVerifyHomePage" name="verifyLoginButtononHomePage" time="6.208"/>
  <system-out/>
  <testcase classname="testpackBewkoof.ToVerifyHomePage" name="verifyMenSectionafterClickingMenTab" time="7.909"/>
  <system-out/>
</testsuite> <!-- testpackBewkoof.ToVerifyHomePage -->
